<?xml version="1.0" encoding="UTF-8"?>
<!-- Generated by org.testng.reporters.JUnitReportReporter -->
<testsuite skipped="0" hostname="LAPTOP-6L1LSAPB" name="may2020SeleniumSessions.Yahoo" tests="1" failures="0" timestamp="12 Jun 2020 00:37:22 GMT" time="4.672" errors="0">
  <testcase name="printLinks" time="4.672" classname="may2020SeleniumSessions.Yahoo"/>
</testsuite> <!-- may2020SeleniumSessions.Yahoo -->
