<?xml version="1.0" encoding="UTF-8"?>
<!-- Generated by org.testng.reporters.JUnitReportReporter -->
<testsuite skipped="0" hostname="LAPTOP-6L1LSAPB" name="may2020SeleniumSessions.YahooHomePage" tests="1" failures="0" timestamp="12 Jun 2020 01:09:31 GMT" time="25.210" errors="0">
  <testcase name="printLinks" time="25.210" classname="may2020SeleniumSessions.YahooHomePage"/>
</testsuite> <!-- may2020SeleniumSessions.YahooHomePage -->
